2020-06-30 21:52:29,963 [main] ERROR Dataverse.GDAL - Couldn't determine projection for record 1996_ct_dbf_corrected.shp
2020-06-30 21:52:40,153 [main] ERROR Dataverse.GDAL - Couldn't determine projection for record 1996_ct_dbf_corrected.shp
2020-06-30 21:52:40,419 [main] ERROR Dataverse.GDAL - Couldn't determine projection for record 1991_ct_dbf_corrected.shp
2020-06-30 21:52:50,526 [main] ERROR Dataverse.GDAL - Couldn't determine projection for record 1991_ct_dbf_corrected.shp
2020-06-30 21:52:50,793 [main] ERROR Dataverse.GDAL - Couldn't determine projection for record 1996_ct_cbf_corrected.shp
2020-06-30 21:53:00,912 [main] ERROR Dataverse.GDAL - Couldn't determine projection for record 1996_ct_cbf_corrected.shp
2020-06-30 21:53:01,166 [main] ERROR Dataverse.GDAL - Couldn't determine projection for record 1991_ct_cbf_corrected.shp
2020-06-30 21:53:11,271 [main] ERROR Dataverse.GDAL - Couldn't determine projection for record 1991_ct_cbf_corrected.shp
2020-06-30 21:53:11,612 [main] ERROR Dataverse.GDAL - Couldn't determine projection for record 2007_TO_MASTER_FRAG_STATS_N140.shp
2020-06-30 21:53:21,715 [main] ERROR Dataverse.GDAL - Couldn't determine projection for record 2007_TO_MASTER_FRAG_STATS_N140.shp
2020-06-30 21:53:27,241 [main] ERROR Dataverse.GDAL - Couldn't determine projection for record biogas_locations.shp
2020-06-30 21:53:37,352 [main] ERROR Dataverse.GDAL - Couldn't determine projection for record biogas_locations.shp
2020-06-30 21:53:37,412 [main] ERROR Dataverse.GDAL - Couldn't determine projection for record p_bal_initial.shp
2020-06-30 21:53:47,521 [main] ERROR Dataverse.GDAL - Couldn't determine projection for record p_bal_initial.shp
2020-06-30 21:53:49,996 [main] ERROR Dataverse.GDAL - Couldn't determine projection for record animalprocessing_1892.shp
2020-06-30 21:54:00,104 [main] ERROR Dataverse.GDAL - Couldn't determine projection for record animalprocessing_1892.shp
2020-06-30 21:54:00,160 [main] ERROR Dataverse.GDAL - Couldn't determine projection for record animalprocessing_1909.shp
2020-06-30 21:54:10,257 [main] ERROR Dataverse.GDAL - Couldn't determine projection for record animalprocessing_1909.shp
2020-06-30 21:54:10,315 [main] ERROR Dataverse.GDAL - Couldn't determine projection for record animalprocessing_1911.shp
2020-06-30 21:54:20,412 [main] ERROR Dataverse.GDAL - Couldn't determine projection for record animalprocessing_1911.shp
2020-06-30 21:54:20,467 [main] ERROR Dataverse.GDAL - Couldn't determine projection for record animalprocessing_1935.shp
2020-06-30 21:54:30,563 [main] ERROR Dataverse.GDAL - Couldn't determine projection for record animalprocessing_1935.shp
2020-06-30 21:54:30,623 [main] ERROR Dataverse.GDAL - Couldn't determine projection for record animalprocessing_1943.shp
2020-06-30 21:54:40,718 [main] ERROR Dataverse.GDAL - Couldn't determine projection for record animalprocessing_1943.shp
2020-06-30 21:54:40,774 [main] ERROR Dataverse.GDAL - Couldn't determine projection for record animalprocessing_1948.shp
2020-06-30 21:54:50,871 [main] ERROR Dataverse.GDAL - Couldn't determine projection for record animalprocessing_1948.shp
2020-06-30 21:54:50,930 [main] ERROR Dataverse.GDAL - Couldn't determine projection for record animalprocessing_1951.shp
2020-06-30 21:55:01,026 [main] ERROR Dataverse.GDAL - Couldn't determine projection for record animalprocessing_1951.shp
2020-06-30 21:55:11,085 [main] ERROR Dataverse.ExistingRasterRecords - IO Exception: Something went wrong reading /home/centos/geodisy/Geodisy/Geodisy/savedFiles/ExistingRasterRecords.txt
2020-06-30 23:25:48,790 [main] ERROR Dataverse.GDAL - Couldn't determine projection for record 1996_ct_dbf_corrected.shp
2020-06-30 23:25:59,378 [main] ERROR Dataverse.GDAL - Couldn't determine projection for record 1996_ct_dbf_corrected.shp
2020-06-30 23:25:59,749 [main] ERROR Dataverse.GDAL - Couldn't determine projection for record 1991_ct_dbf_corrected.shp
2020-06-30 23:26:09,854 [main] ERROR Dataverse.GDAL - Couldn't determine projection for record 1991_ct_dbf_corrected.shp
2020-06-30 23:26:10,227 [main] ERROR Dataverse.GDAL - Couldn't determine projection for record 1996_ct_cbf_corrected.shp
2020-06-30 23:26:20,331 [main] ERROR Dataverse.GDAL - Couldn't determine projection for record 1996_ct_cbf_corrected.shp
2020-06-30 23:26:20,724 [main] ERROR Dataverse.GDAL - Couldn't determine projection for record 1991_ct_cbf_corrected.shp
2020-06-30 23:26:30,826 [main] ERROR Dataverse.GDAL - Couldn't determine projection for record 1991_ct_cbf_corrected.shp
2020-06-30 23:26:31,220 [main] ERROR Dataverse.GDAL - Couldn't determine projection for record 2007_TO_MASTER_FRAG_STATS_N140.shp
2020-06-30 23:26:41,326 [main] ERROR Dataverse.GDAL - Couldn't determine projection for record 2007_TO_MASTER_FRAG_STATS_N140.shp
2020-06-30 23:26:46,966 [main] ERROR Dataverse.GDAL - Couldn't determine projection for record biogas_locations.shp
2020-06-30 23:26:57,077 [main] ERROR Dataverse.GDAL - Couldn't determine projection for record biogas_locations.shp
2020-06-30 23:26:57,282 [main] ERROR Dataverse.GDAL - Couldn't determine projection for record p_bal_initial.shp
2020-06-30 23:27:07,396 [main] ERROR Dataverse.GDAL - Couldn't determine projection for record p_bal_initial.shp
2020-06-30 23:27:09,963 [main] ERROR Dataverse.GDAL - Couldn't determine projection for record animalprocessing_1892.shp
2020-06-30 23:27:20,079 [main] ERROR Dataverse.GDAL - Couldn't determine projection for record animalprocessing_1892.shp
2020-06-30 23:27:20,170 [main] ERROR Dataverse.GDAL - Couldn't determine projection for record animalprocessing_1909.shp
2020-06-30 23:27:30,268 [main] ERROR Dataverse.GDAL - Couldn't determine projection for record animalprocessing_1909.shp
2020-06-30 23:27:30,363 [main] ERROR Dataverse.GDAL - Couldn't determine projection for record animalprocessing_1911.shp
2020-06-30 23:27:40,463 [main] ERROR Dataverse.GDAL - Couldn't determine projection for record animalprocessing_1911.shp
2020-06-30 23:27:40,546 [main] ERROR Dataverse.GDAL - Couldn't determine projection for record animalprocessing_1935.shp
2020-06-30 23:27:50,643 [main] ERROR Dataverse.GDAL - Couldn't determine projection for record animalprocessing_1935.shp
2020-06-30 23:27:50,821 [main] ERROR Dataverse.GDAL - Couldn't determine projection for record animalprocessing_1943.shp
2020-06-30 23:28:00,926 [main] ERROR Dataverse.GDAL - Couldn't determine projection for record animalprocessing_1943.shp
2020-06-30 23:28:00,989 [main] ERROR Dataverse.GDAL - Couldn't determine projection for record animalprocessing_1948.shp
2020-06-30 23:28:11,088 [main] ERROR Dataverse.GDAL - Couldn't determine projection for record animalprocessing_1948.shp
2020-06-30 23:28:11,212 [main] ERROR Dataverse.GDAL - Couldn't determine projection for record animalprocessing_1951.shp
2020-06-30 23:28:21,314 [main] ERROR Dataverse.GDAL - Couldn't determine projection for record animalprocessing_1951.shp
2020-06-30 23:28:37,844 [main] ERROR Dataverse.ExistingRasterRecords - IO Exception: Something went wrong reading /home/centos/geodisy/Geodisy/Geodisy/savedFiles/ExistingRasterRecords.txt
2020-07-01 02:02:49,439 [main] ERROR Dataverse.GDAL - Couldn't determine projection for record 1996_ct_dbf_corrected.shp
2020-07-01 02:03:00,594 [main] ERROR Dataverse.GDAL - Couldn't determine projection for record 1996_ct_dbf_corrected.shp
2020-07-01 02:03:00,872 [main] ERROR Dataverse.GDAL - Couldn't determine projection for record 1991_ct_dbf_corrected.shp
2020-07-01 02:03:11,884 [main] ERROR Dataverse.GDAL - Couldn't determine projection for record 1991_ct_dbf_corrected.shp
2020-07-01 02:03:12,144 [main] ERROR Dataverse.GDAL - Couldn't determine projection for record 1996_ct_cbf_corrected.shp
2020-07-01 02:03:23,399 [main] ERROR Dataverse.GDAL - Couldn't determine projection for record 1996_ct_cbf_corrected.shp
2020-07-01 02:03:23,652 [main] ERROR Dataverse.GDAL - Couldn't determine projection for record 1991_ct_cbf_corrected.shp
2020-07-01 02:03:35,392 [main] ERROR Dataverse.GDAL - Couldn't determine projection for record 1991_ct_cbf_corrected.shp
2020-07-01 02:03:35,727 [main] ERROR Dataverse.GDAL - Couldn't determine projection for record 2007_TO_MASTER_FRAG_STATS_N140.shp
2020-07-01 02:03:46,368 [main] ERROR Dataverse.GDAL - Couldn't determine projection for record 2007_TO_MASTER_FRAG_STATS_N140.shp
2020-07-01 02:03:52,011 [main] ERROR Dataverse.GDAL - Couldn't determine projection for record biogas_locations.shp
