2020-06-30 20:43:53,329 [main] ERROR Dataverse.GDAL - Couldn't determine projection for record 1996_ct_dbf_corrected.shp
2020-06-30 20:44:04,182 [main] ERROR Dataverse.GDAL - Couldn't determine projection for record 1996_ct_dbf_corrected.shp
2020-06-30 20:44:05,090 [main] ERROR Dataverse.GDAL - Couldn't determine projection for record 1991_ct_dbf_corrected.shp
2020-06-30 20:44:15,214 [main] ERROR Dataverse.GDAL - Couldn't determine projection for record 1991_ct_dbf_corrected.shp
2020-06-30 20:44:16,132 [main] ERROR Dataverse.GDAL - Couldn't determine projection for record 1996_ct_cbf_corrected.shp
2020-06-30 20:44:26,246 [main] ERROR Dataverse.GDAL - Couldn't determine projection for record 1996_ct_cbf_corrected.shp
2020-06-30 20:44:27,177 [main] ERROR Dataverse.GDAL - Couldn't determine projection for record 1991_ct_cbf_corrected.shp
2020-06-30 20:44:37,265 [main] ERROR Dataverse.GDAL - Couldn't determine projection for record 1991_ct_cbf_corrected.shp
2020-06-30 20:45:00,021 [main] ERROR Dataverse.GDAL - Couldn't determine projection for record 2007_TO_MASTER_FRAG_STATS_N140.shp
2020-06-30 20:45:10,113 [main] ERROR Dataverse.GDAL - Couldn't determine projection for record 2007_TO_MASTER_FRAG_STATS_N140.shp
2020-06-30 20:45:30,479 [main] ERROR Dataverse.GDAL - Couldn't determine projection for record biogas_locations.shp
2020-06-30 20:45:40,593 [main] ERROR Dataverse.GDAL - Couldn't determine projection for record biogas_locations.shp
2020-06-30 20:45:40,804 [main] ERROR Dataverse.GDAL - Couldn't determine projection for record p_bal_initial.shp
2020-06-30 20:45:50,907 [main] ERROR Dataverse.GDAL - Couldn't determine projection for record p_bal_initial.shp
2020-06-30 20:45:58,442 [main] ERROR Dataverse.GDAL - Couldn't determine projection for record animalprocessing_1892.shp
2020-06-30 20:46:08,544 [main] ERROR Dataverse.GDAL - Couldn't determine projection for record animalprocessing_1892.shp
2020-06-30 20:46:08,605 [main] ERROR Dataverse.GDAL - Couldn't determine projection for record animalprocessing_1909.shp
2020-06-30 20:46:18,696 [main] ERROR Dataverse.GDAL - Couldn't determine projection for record animalprocessing_1909.shp
2020-06-30 20:46:18,838 [main] ERROR Dataverse.GDAL - Couldn't determine projection for record animalprocessing_1911.shp
2020-06-30 20:46:28,928 [main] ERROR Dataverse.GDAL - Couldn't determine projection for record animalprocessing_1911.shp
2020-06-30 20:46:29,038 [main] ERROR Dataverse.GDAL - Couldn't determine projection for record animalprocessing_1935.shp
2020-06-30 20:46:39,144 [main] ERROR Dataverse.GDAL - Couldn't determine projection for record animalprocessing_1935.shp
2020-06-30 20:46:39,257 [main] ERROR Dataverse.GDAL - Couldn't determine projection for record animalprocessing_1943.shp
2020-06-30 20:46:49,356 [main] ERROR Dataverse.GDAL - Couldn't determine projection for record animalprocessing_1943.shp
2020-06-30 20:46:49,490 [main] ERROR Dataverse.GDAL - Couldn't determine projection for record animalprocessing_1948.shp
2020-06-30 20:46:59,577 [main] ERROR Dataverse.GDAL - Couldn't determine projection for record animalprocessing_1948.shp
2020-06-30 20:46:59,697 [main] ERROR Dataverse.GDAL - Couldn't determine projection for record animalprocessing_1951.shp
2020-06-30 20:47:09,784 [main] ERROR Dataverse.GDAL - Couldn't determine projection for record animalprocessing_1951.shp
